# Design: Design DFlipFlop already active.
# DESIGN: Default Design Language: VERILOG
# DESIGN: Default BDE Language: VERILOG
# DESIGN: Flow Manager: Not Defined
alog -O2 -sve  -work DFlipFlop $dsn/src/DFlipFlop.v
# Warning: The source is compiled without the -dbg switch. Line breakpoints and code coverage will not be available.
# Compile...
# Pass 1. Scanning modules hierarchy.
# Pass 2. Processing instantiations.
# Pass 3. Processing behavioral statements.
# Error: VCP2020 DFlipFlop.v : (9, 9): begin...end pair(s) mismatch detected. 1 <begin> tokens are missing.
# Error: VCP2020 DFlipFlop.v : (9, 9): module/macromodule...endmodule pair(s) mismatch detected. 1 <endmodule> tokens are missing.
# Error: VCP2000 DFlipFlop.v : (9, 9): Syntax error. Unexpected token: end[_END]. Expected tokens: 'always' , 'assign' , 'default' , 'defparam' , 'event' ... .
# Compile failure 3 Errors 0 Warnings  Analysis time: 0[s].
alog -O2 -sve  -work DFlipFlop $dsn/src/DFlipFlop.v
# Warning: The source is compiled without the -dbg switch. Line breakpoints and code coverage will not be available.
# Compile...
# Pass 1. Scanning modules hierarchy.
# Pass 2. Processing instantiations.
# Pass 3. Processing behavioral statements.
# Error: VCP2020 DFlipFlop.v : (9, 9): begin...end pair(s) mismatch detected. 1 <begin> tokens are missing.
# Error: VCP2020 DFlipFlop.v : (9, 9): module/macromodule...endmodule pair(s) mismatch detected. 1 <endmodule> tokens are missing.
# Error: VCP2000 DFlipFlop.v : (9, 9): Syntax error. Unexpected token: end[_END]. Expected tokens: 'always' , 'assign' , 'default' , 'defparam' , 'event' ... .
# Compile failure 3 Errors 0 Warnings  Analysis time: 0[s].
alog -O2 -sve  -work DFlipFlop $dsn/src/DFlipFlop.v
# Warning: The source is compiled without the -dbg switch. Line breakpoints and code coverage will not be available.
# Compile...
# Pass 1. Scanning modules hierarchy.
# Pass 2. Processing instantiations.
# Pass 3. Processing behavioral statements.
# Running Optimizer.
# ELB/DAG code generating.
# Unit top modules: DFlipFlop.
# $root top modules: DFlipFlop.
# Compile success 0 Errors 0 Warnings  Analysis time: 0[s].
# done
# ELBREAD: Elaboration process.
# ELBREAD: Elaboration time 0.0 [s].
# ELBREAD: Elaboration process.
# ELBREAD: Elaboration time 0.0 [s].
asim -O5 +access +w_nets +access +r +access +r+w DFlipFlop
# ELBREAD: Elaboration process.
# ELBREAD: Elaboration time 0.0 [s].
# asim: Stack memory: 32MB
# asim: Retval memory: 32MB
# KERNEL: Main thread initiated.
# KERNEL: Kernel process initialization phase.
# KERNEL: Time resolution set to 1ps.
# ELAB2: Elaboration final pass...
# ELAB2: Create instances ...
# ELAB2: Create instances complete.
# SLP: Started
# SLP: Elaboration phase ...
# SLP: Elaboration phase ... done : 0.1 [s]
# SLP: Generation phase ...
# SLP: Generation phase ... done : 0.8 [s]
# SLP: Finished : 0.8 [s]
# SLP: 0 primitives and 1 (100.00%) other processes in SLP
# SLP: 0 signals in SLP and 3 (100.00%) interface signals
# ELAB2: Elaboration final pass complete - time: 0.9 [s].
# KERNEL: SLP loading done - time: 0.0 [s].
# KERNEL: SLP simulation initialization done - time: 0.0 [s].
# KERNEL: Kernel process initialization done.
# Allocation: Simulator allocated 5978 kB (elbread=1023 elab2=4609 kernel=344 sdf=0)
# KERNEL: ASDB file was created in location c:\My_Designs\DFlipFlop\DFlipFlop\src\wave.asdb
#  3:40 AM, Saturday, December 26, 2020
#  Simulation has been initialized
#  Selected Top-Level: DFlipFlop (DFlipFlop)
# 3 signal(s) traced.
run @24ps
# KERNEL: stopped at time: 24 ps
restart
# ELBREAD: Elaboration process.
# ELBREAD: Elaboration time 0.0 [s].
# KERNEL: Main thread initiated.
# KERNEL: Kernel process initialization phase.
# KERNEL: Time resolution set to 1ps.
# ELAB2: Elaboration final pass...
# ELAB2: Create instances ...
# ELAB2: Create instances complete.
# SLP: Started
# SLP: Finished. Using existing simulator library
# SLP: 0 primitives and 1 (100.00%) other processes in SLP
# SLP: 0 signals in SLP and 3 (100.00%) interface signals
# ELAB2: Elaboration final pass complete - time: 0.1 [s].
# KERNEL: SLP loading done - time: 0.0 [s].
# KERNEL: SLP simulation initialization done - time: 0.0 [s].
# KERNEL: Kernel process initialization done.
# Allocation: Simulator allocated 5978 kB (elbread=1023 elab2=4609 kernel=344 sdf=0)
# KERNEL: ASDB file was created in location c:\My_Designs\DFlipFlop\DFlipFlop\src\wave.asdb
#  3:42 AM, Saturday, December 26, 2020
#  Simulation has been initialized
#  Selected Top-Level: DFlipFlop (DFlipFlop)
# KERNEL: Signal 'D' has already been traced
# KERNEL: Signal 'Q' has already been traced
# KERNEL: Signal 'clock' has already been traced
# 0 signal(s) traced.
run @24ps
# KERNEL: stopped at time: 24 ps
run @60ps
# KERNEL: stopped at time: 60 ps
alog -O2 -sve  -work DFlipFlop $dsn/src/DFlipFlop.v
# Warning: The source is compiled without the -dbg switch. Line breakpoints and code coverage will not be available.
# Compile...
# Pass 1. Scanning modules hierarchy.
# Module \$root found in current working library.
# Pass 2. Processing instantiations.
# Pass 3. Processing behavioral statements.
# Running Optimizer.
# ELB/DAG code generating.
# Module \$root found in current working library.
# Unit top modules: DFlipFlop.
# $root top modules: DFlipFlop.
# Compile success 0 Errors 0 Warnings  Analysis time: 0[s].
# done
restart
# ELBREAD: Elaboration process.
# ELBREAD: Elaboration time 0.0 [s].
# KERNEL: Main thread initiated.
# KERNEL: Kernel process initialization phase.
# KERNEL: Time resolution set to 1ps.
# ELAB2: Elaboration final pass...
# ELAB2: Create instances ...
# ELAB2: Create instances complete.
# SLP: Started
# SLP: Elaboration phase ...
# SLP: Elaboration phase ... done : 0.1 [s]
# SLP: Generation phase ...
# SLP: Generation phase ... done : 0.6 [s]
# SLP: Finished : 0.8 [s]
# SLP: 0 primitives and 1 (100.00%) other processes in SLP
# SLP: 0 signals in SLP and 3 (100.00%) interface signals
# ELAB2: Elaboration final pass complete - time: 0.8 [s].
# KERNEL: SLP loading done - time: 0.0 [s].
# KERNEL: SLP simulation initialization done - time: 0.0 [s].
# KERNEL: Kernel process initialization done.
# Allocation: Simulator allocated 5978 kB (elbread=1023 elab2=4609 kernel=344 sdf=0)
# KERNEL: ASDB file was created in location c:\My_Designs\DFlipFlop\DFlipFlop\src\wave.asdb
#  4:19 AM, Saturday, December 26, 2020
#  Simulation has been initialized
#  Selected Top-Level: DFlipFlop (DFlipFlop)
# KERNEL: Signal 'D' has already been traced
# KERNEL: Signal 'Q' has already been traced
# KERNEL: Signal 'clock' has already been traced
# 0 signal(s) traced.
run @25ps
# KERNEL: stopped at time: 25 ps
run @60ps
# KERNEL: stopped at time: 60 ps
# KERNEL: Simulation has finished. There are no more test vectors to simulate.
alog -O2 -sve  -work DFlipFlop $dsn/src/DFlipFlop.v
# Warning: The source is compiled without the -dbg switch. Line breakpoints and code coverage will not be available.
# Compile...
# Pass 1. Scanning modules hierarchy.
# Module \$root found in current working library.
# Pass 2. Processing instantiations.
# Pass 3. Processing behavioral statements.
# Running Optimizer.
# ELB/DAG code generating.
# Module \$root found in current working library.
# Unit top modules: DFlipFlop.
# $root top modules: DFlipFlop.
# Compile success 0 Errors 0 Warnings  Analysis time: 0[s].
# done
restart
# ELBREAD: Elaboration process.
# ELBREAD: Elaboration time 0.0 [s].
# KERNEL: Main thread initiated.
# KERNEL: Kernel process initialization phase.
# KERNEL: Time resolution set to 1ps.
# ELAB2: Elaboration final pass...
# ELAB2: Create instances ...
# ELAB2: Create instances complete.
# SLP: Started
# SLP: Elaboration phase ...
# SLP: Elaboration phase ... done : 0.1 [s]
# SLP: Generation phase ...
# SLP: Generation phase ... done : 0.9 [s]
# SLP: Finished : 1.1 [s]
# SLP: 0 primitives and 1 (100.00%) other processes in SLP
# SLP: 0 signals in SLP and 3 (100.00%) interface signals
# ELAB2: Elaboration final pass complete - time: 1.2 [s].
# KERNEL: SLP loading done - time: 0.0 [s].
# KERNEL: SLP simulation initialization done - time: 0.0 [s].
# KERNEL: Kernel process initialization done.
# Allocation: Simulator allocated 5978 kB (elbread=1023 elab2=4609 kernel=344 sdf=0)
# KERNEL: ASDB file was created in location c:\My_Designs\DFlipFlop\DFlipFlop\src\wave.asdb
#  4:42 AM, Saturday, December 26, 2020
#  Simulation has been initialized
#  Selected Top-Level: DFlipFlop (DFlipFlop)
# KERNEL: Signal 'D' has already been traced
# KERNEL: Signal 'Q' has already been traced
# KERNEL: Signal 'clock' has already been traced
# 0 signal(s) traced.
run @25ps
# KERNEL: stopped at time: 25 ps
alog -O2 -sve  -work DFlipFlop $dsn/src/DFlipFlop.v
# Warning: The source is compiled without the -dbg switch. Line breakpoints and code coverage will not be available.
# Compile...
# Pass 1. Scanning modules hierarchy.
# Module \$root found in current working library.
# Error: VCP2565 DFlipFlop.v : (1, 1): Undefined direction of external port Qbar.
# Error: VCP2567 DFlipFlop.v : (1, 1): Undefined direction of internal port Qbar.
# Compile failure 2 Errors 0 Warnings  Analysis time: 0[s].
alog -O2 -sve  -work DFlipFlop $dsn/src/DFlipFlop.v
# Warning: The source is compiled without the -dbg switch. Line breakpoints and code coverage will not be available.
# Compile...
# Pass 1. Scanning modules hierarchy.
# Module \$root found in current working library.
# Pass 2. Processing instantiations.
# Pass 3. Processing behavioral statements.
# Error: VCP2020 DFlipFlop.v : (9, 5): begin...end pair(s) mismatch detected. 1 <begin> tokens are missing.
# Error: VCP2020 DFlipFlop.v : (9, 5): module/macromodule...endmodule pair(s) mismatch detected. 1 <endmodule> tokens are missing.
# Error: VCP2000 DFlipFlop.v : (9, 5): Syntax error. Unexpected token: end[_END]. Expected tokens: 'always' , 'assign' , 'default' , 'defparam' , 'event' ... .
# Compile failure 3 Errors 0 Warnings  Analysis time: 0[s].
alog -O2 -sve  -work DFlipFlop $dsn/src/DFlipFlop.v
# Warning: The source is compiled without the -dbg switch. Line breakpoints and code coverage will not be available.
# Compile...
# Pass 1. Scanning modules hierarchy.
# Module \$root found in current working library.
# Pass 2. Processing instantiations.
# Pass 3. Processing behavioral statements.
# Running Optimizer.
# ELB/DAG code generating.
# Module \$root found in current working library.
# Unit top modules: DFlipFlop.
# $root top modules: DFlipFlop.
# Compile success 0 Errors 0 Warnings  Analysis time: 1[s].
# done
restart
# ELBREAD: Elaboration process.
# ELBREAD: Elaboration time 0.0 [s].
# KERNEL: Main thread initiated.
# KERNEL: Kernel process initialization phase.
# KERNEL: Time resolution set to 1ps.
# ELAB2: Elaboration final pass...
# ELAB2: Create instances ...
# ELAB2: Create instances complete.
# SLP: Started
# SLP: Elaboration phase ...
# SLP: Elaboration phase ... done : 0.1 [s]
# SLP: Generation phase ...
# SLP: Generation phase ... done : 0.7 [s]
# SLP: Finished : 0.9 [s]
# SLP: 0 primitives and 1 (100.00%) other processes in SLP
# SLP: 0 signals in SLP and 3 (100.00%) interface signals
# ELAB2: Elaboration final pass complete - time: 0.9 [s].
# KERNEL: SLP loading done - time: 0.0 [s].
# KERNEL: SLP simulation initialization done - time: 0.0 [s].
# KERNEL: Kernel process initialization done.
# Allocation: Simulator allocated 5978 kB (elbread=1023 elab2=4610 kernel=344 sdf=0)
# KERNEL: ASDB file was created in location c:\My_Designs\DFlipFlop\DFlipFlop\src\wave.asdb
#  5:35 AM, Saturday, December 26, 2020
#  Simulation has been initialized
#  Selected Top-Level: DFlipFlop (DFlipFlop)
# KERNEL: Signal 'D' has already been traced
# KERNEL: Signal 'Q' has already been traced
# KERNEL: Signal 'clock' has already been traced
# 0 signal(s) traced.
run
run 0ps
run
run
run
run @5sec
endsim
# KERNEL: stopped at time: 59957830 ps
#  Simulation has been stopped
asim -O5 +access +w_nets +access +r +access +r+w DFlipFlop
# ELBREAD: Elaboration process.
# ELBREAD: Elaboration time 0.0 [s].
# asim: Stack memory: 32MB
# asim: Retval memory: 32MB
# KERNEL: Main thread initiated.
# KERNEL: Kernel process initialization phase.
# KERNEL: Time resolution set to 1ps.
# ELAB2: Elaboration final pass...
# ELAB2: Create instances ...
# ELAB2: Create instances complete.
# SLP: Started
# SLP: Finished. Using existing simulator library
# SLP: 0 primitives and 1 (100.00%) other processes in SLP
# SLP: 0 signals in SLP and 3 (100.00%) interface signals
# ELAB2: Elaboration final pass complete - time: 0.1 [s].
# KERNEL: SLP loading done - time: 0.0 [s].
# KERNEL: SLP simulation initialization done - time: 0.0 [s].
# KERNEL: Kernel process initialization done.
# Allocation: Simulator allocated 5978 kB (elbread=1023 elab2=4610 kernel=344 sdf=0)
# KERNEL: ASDB file was created in location c:\My_Designs\DFlipFlop\DFlipFlop\src\wave.asdb
#  5:41 AM, Saturday, December 26, 2020
#  Simulation has been initialized
#  Selected Top-Level: DFlipFlop (DFlipFlop)
run @25ps
# KERNEL: stopped at time: 25 ps
# 3 signal(s) traced.
run @25ps
# KERNEL: stopped at time: 25 ps
alog -O2 -sve  -work DFlipFlop $dsn/src/DFlipFlop.v
# Warning: The source is compiled without the -dbg switch. Line breakpoints and code coverage will not be available.
# Compile...
# Pass 1. Scanning modules hierarchy.
# Module \$root found in current working library.
# Pass 2. Processing instantiations.
# Pass 3. Processing behavioral statements.
# Running Optimizer.
# ELB/DAG code generating.
# Module \$root found in current working library.
# Unit top modules: DFlipFlop.
# $root top modules: DFlipFlop.
# Compile success 0 Errors 0 Warnings  Analysis time: 1[s].
# done
restart
# ELBREAD: Elaboration process.
# ELBREAD: Elaboration time 0.0 [s].
# KERNEL: Main thread initiated.
# KERNEL: Kernel process initialization phase.
# KERNEL: Time resolution set to 1ps.
# ELAB2: Elaboration final pass...
# ELAB2: Create instances ...
# ELAB2: Create instances complete.
# SLP: Started
# SLP: Elaboration phase ...
# SLP: Elaboration phase ... done : 0.0 [s]
# SLP: Generation phase ...
# SLP: Generation phase ... done : 0.6 [s]
# SLP: Finished : 0.7 [s]
# SLP: 0 primitives and 1 (100.00%) other processes in SLP
# SLP: 0 signals in SLP and 3 (100.00%) interface signals
# ELAB2: Elaboration final pass complete - time: 0.7 [s].
# KERNEL: SLP loading done - time: 0.0 [s].
# KERNEL: SLP simulation initialization done - time: 0.0 [s].
# KERNEL: Kernel process initialization done.
# Allocation: Simulator allocated 5978 kB (elbread=1023 elab2=4610 kernel=344 sdf=0)
# KERNEL: ASDB file was created in location c:\My_Designs\DFlipFlop\DFlipFlop\src\wave.asdb
#  5:46 AM, Saturday, December 26, 2020
#  Simulation has been initialized
#  Selected Top-Level: DFlipFlop (DFlipFlop)
# KERNEL: Signal 'D' has already been traced
# KERNEL: Signal 'Q' has already been traced
# KERNEL: Signal 'clock' has already been traced
# 0 signal(s) traced.
run @25ps
# KERNEL: stopped at time: 25 ps
run @50ps
# KERNEL: stopped at time: 50 ps
#  Simulation has been stopped
# Adding file c:\My_Designs\DFlipFlop\DFlipFlop\src\untitled.asdb ... Done
# Adding file c:\My_Designs\DFlipFlop\DFlipFlop\src\untitled.awc ... Done
