# Design: Design TFlipFlop already active.
# DESIGN: Default Design Language: VERILOG
# DESIGN: Default BDE Language: VERILOG
# DESIGN: Flow Manager: Not Defined
alog -O2 -sve  -work TFlipFlop $dsn/src/TFlipFlop.v
# Warning: The source is compiled without the -dbg switch. Line breakpoints and code coverage will not be available.
# Compile...
# Pass 1. Scanning modules hierarchy.
# Error: VCP2000 TFlipFlop.v : (3, 10): Syntax error. Unexpected token: input[_INPUT]. Expected tokens: ';' .
# Error: VCP2000 TFlipFlop.v : (6, 11): Syntax error. Unexpected token: always[_ALWAYS]. Expected tokens: 'function' , 'task' , 'timeprecision' , 'timeunit' , 'const' ... .
# Compile failure 2 Errors 0 Warnings  Analysis time: 0[s].
alog -O2 -sve  -work TFlipFlop $dsn/src/TFlipFlop.v
# Warning: The source is compiled without the -dbg switch. Line breakpoints and code coverage will not be available.
# Compile...
# Pass 1. Scanning modules hierarchy.
# Pass 2. Processing instantiations.
# Pass 3. Processing behavioral statements.
# Running Optimizer.
# ELB/DAG code generating.
# Unit top modules: TFlipFlop.
# $root top modules: TFlipFlop.
# Compile success 0 Errors 0 Warnings  Analysis time: 0[s].
# done
# ELBREAD: Elaboration process.
# ELBREAD: Elaboration time 0.0 [s].
# ELBREAD: Elaboration process.
# ELBREAD: Elaboration time 0.0 [s].
# ELBREAD: Elaboration process.
# ELBREAD: Elaboration time 0.0 [s].
asim -O5 +access +w_nets +access +r +access +r+w TFlipFlop
# ELBREAD: Elaboration process.
# ELBREAD: Elaboration time 0.0 [s].
# asim: Stack memory: 32MB
# asim: Retval memory: 32MB
# KERNEL: Main thread initiated.
# KERNEL: Kernel process initialization phase.
# KERNEL: Time resolution set to 1ps.
# ELAB2: Elaboration final pass...
# ELAB2: Create instances ...
# ELAB2: Create instances complete.
# SLP: Started
# SLP: Elaboration phase ...
# SLP: Elaboration phase ... done : 0.1 [s]
# SLP: Generation phase ...
# SLP: Generation phase ... done : 0.7 [s]
# SLP: Finished : 0.8 [s]
# SLP: 0 primitives and 1 (100.00%) other processes in SLP
# SLP: 0 signals in SLP and 3 (100.00%) interface signals
# ELAB2: Elaboration final pass complete - time: 0.8 [s].
# KERNEL: SLP loading done - time: 0.0 [s].
# KERNEL: SLP simulation initialization done - time: 0.0 [s].
# KERNEL: Kernel process initialization done.
# Allocation: Simulator allocated 5978 kB (elbread=1023 elab2=4609 kernel=344 sdf=0)
# KERNEL: ASDB file was created in location c:\My_Designs\TFlipFlop\TFlipFlop\src\wave.asdb
#  5:55 AM, Saturday, December 26, 2020
#  Simulation has been initialized
#  Selected Top-Level: TFlipFlop (TFlipFlop)
# 3 signal(s) traced.
run @25ps
# KERNEL: stopped at time: 25 ps
alog -O2 -sve  -work TFlipFlop $dsn/src/TFlipFlop.v
# Warning: The source is compiled without the -dbg switch. Line breakpoints and code coverage will not be available.
# Compile...
# Pass 1. Scanning modules hierarchy.
# Module \$root found in current working library.
# Pass 2. Processing instantiations.
# Pass 3. Processing behavioral statements.
# Running Optimizer.
# ELB/DAG code generating.
# Module \$root found in current working library.
# Unit top modules: TFlipFlop.
# $root top modules: TFlipFlop.
# Compile success 0 Errors 0 Warnings  Analysis time: 0[s].
# done
restart
# ELBREAD: Elaboration process.
# ELBREAD: Elaboration time 0.0 [s].
# KERNEL: Main thread initiated.
# KERNEL: Kernel process initialization phase.
# KERNEL: Time resolution set to 1ps.
# ELAB2: Elaboration final pass...
# ELAB2: Create instances ...
# ELAB2: Create instances complete.
# SLP: Started
# SLP: Elaboration phase ...
# SLP: Elaboration phase ... done : 0.1 [s]
# SLP: Generation phase ...
# SLP: Generation phase ... done : 0.7 [s]
# SLP: Finished : 0.9 [s]
# SLP: 0 primitives and 1 (100.00%) other processes in SLP
# SLP: 0 signals in SLP and 3 (100.00%) interface signals
# ELAB2: Elaboration final pass complete - time: 0.9 [s].
# KERNEL: SLP loading done - time: 0.0 [s].
# KERNEL: SLP simulation initialization done - time: 0.0 [s].
# KERNEL: Kernel process initialization done.
# Allocation: Simulator allocated 5978 kB (elbread=1023 elab2=4609 kernel=344 sdf=0)
# KERNEL: ASDB file was created in location c:\My_Designs\TFlipFlop\TFlipFlop\src\wave.asdb
#  5:58 AM, Saturday, December 26, 2020
#  Simulation has been initialized
#  Selected Top-Level: TFlipFlop (TFlipFlop)
# KERNEL: Signal 'T' has already been traced
# KERNEL: Signal 'clock' has already been traced
# KERNEL: Signal 'Q' has already been traced
# 0 signal(s) traced.
run @25ps
# KERNEL: stopped at time: 25 ps
run @50ps
# KERNEL: stopped at time: 50 ps
alog -O2 -sve  -work TFlipFlop $dsn/src/TFlipFlop.v
# Warning: The source is compiled without the -dbg switch. Line breakpoints and code coverage will not be available.
# Compile...
# Pass 1. Scanning modules hierarchy.
# Module \$root found in current working library.
# Pass 2. Processing instantiations.
# Pass 3. Processing behavioral statements.
# Running Optimizer.
# ELB/DAG code generating.
# Module \$root found in current working library.
# Unit top modules: TFlipFlop.
# $root top modules: TFlipFlop.
# Compile success 0 Errors 0 Warnings  Analysis time: 0[s].
# done
restart
# ELBREAD: Elaboration process.
# ELBREAD: Elaboration time 0.0 [s].
# KERNEL: Main thread initiated.
# KERNEL: Kernel process initialization phase.
# KERNEL: Time resolution set to 1ps.
# ELAB2: Elaboration final pass...
# ELAB2: Create instances ...
# ELAB2: Create instances complete.
# SLP: Started
# SLP: Elaboration phase ...
# SLP: Elaboration phase ... done : 0.1 [s]
# SLP: Generation phase ...
# SLP: Generation phase ... done : 0.7 [s]
# SLP: Finished : 0.8 [s]
# SLP: 0 primitives and 1 (100.00%) other processes in SLP
# SLP: 0 signals in SLP and 3 (100.00%) interface signals
# ELAB2: Elaboration final pass complete - time: 0.9 [s].
# KERNEL: SLP loading done - time: 0.0 [s].
# KERNEL: SLP simulation initialization done - time: 0.0 [s].
# KERNEL: Kernel process initialization done.
# Allocation: Simulator allocated 5978 kB (elbread=1023 elab2=4609 kernel=344 sdf=0)
# KERNEL: ASDB file was created in location c:\My_Designs\TFlipFlop\TFlipFlop\src\wave.asdb
#  6:00 AM, Saturday, December 26, 2020
#  Simulation has been initialized
#  Selected Top-Level: TFlipFlop (TFlipFlop)
# KERNEL: Signal 'T' has already been traced
# KERNEL: Signal 'clock' has already been traced
# KERNEL: Signal 'Q' has already been traced
# 0 signal(s) traced.
run @25 ps
# KERNEL: stopped at time: 25 ps
#  Simulation has been stopped
# Adding file c:\My_Designs\TFlipFlop\TFlipFlop\src\untitled.asdb ... Done
# Adding file c:\My_Designs\TFlipFlop\TFlipFlop\src\untitled.awc ... Done
# Adding file c:\My_Designs\TFlipFlop\TFlipFlop\src\untitled.asdb ... Done
# Adding file c:\My_Designs\TFlipFlop\TFlipFlop\src\untitled.awc ... Done
