# Design: Design Decoder4 already active.
# DESIGN: Default Design Language: VERILOG
# DESIGN: Default BDE Language: VERILOG
# DESIGN: Flow Manager: Not Defined
alog -O2 -sve  -work Decoder4 $dsn/src/Decoder4.v
# Warning: The source is compiled without the -dbg switch. Line breakpoints and code coverage will not be available.
# Compile...
# Pass 1. Scanning modules hierarchy.
# Error: VCP2000 Decoder4.v : (3, 10): Syntax error. Unexpected token: input[_INPUT]. Expected tokens: ';' .
# Compile failure 1 Errors 0 Warnings  Analysis time: 0[s].
alog -O2 -sve  -work Decoder4 $dsn/src/Decoder4.v
# Warning: The source is compiled without the -dbg switch. Line breakpoints and code coverage will not be available.
# Compile...
# Pass 1. Scanning modules hierarchy.
# Error: VCP2570 Decoder4.v : (4, 5): Undefined port: y.
# Error: VCP2000 Decoder4.v : (13, 45): Syntax error. Unexpected token: ). Expected tokens: ',' , ';' .
# Error: VCP2565 Decoder4.v : (1, 1): Undefined direction of external port d.
# Error: VCP2567 Decoder4.v : (1, 1): Undefined direction of internal port d.
# Compile failure 4 Errors 0 Warnings  Analysis time: 1[s].
alog -O2 -sve  -work Decoder4 $dsn/src/Decoder4.v
# Warning: The source is compiled without the -dbg switch. Line breakpoints and code coverage will not be available.
# Compile...
# Pass 1. Scanning modules hierarchy.
# Error: VCP2000 Decoder4.v : (13, 45): Syntax error. Unexpected token: ). Expected tokens: ',' , ';' .
# Compile failure 1 Errors 0 Warnings  Analysis time: 0[s].
alog -O2 -sve  -work Decoder4 $dsn/src/Decoder4.v
# Warning: The source is compiled without the -dbg switch. Line breakpoints and code coverage will not be available.
# Compile...
# Pass 1. Scanning modules hierarchy.
# Pass 2. Processing instantiations.
# Pass 3. Processing behavioral statements.
# Running Optimizer.
# ELB/DAG code generating.
# Unit top modules: Decoder4.
# $root top modules: Decoder4.
# Compile success 0 Errors 0 Warnings  Analysis time: 0[s].
# done
# ELBREAD: Elaboration process.
# ELBREAD: Elaboration time 0.0 [s].
# ELBREAD: Elaboration process.
# ELBREAD: Elaboration time 0.0 [s].
asim -O5 +access +w_nets +access +r +access +r+w Decoder4
# ELBREAD: Elaboration process.
# ELBREAD: Elaboration time 0.0 [s].
# asim: Stack memory: 32MB
# asim: Retval memory: 32MB
alog -O2 -sve  -work Decoder4 $dsn/src/Decoder4.v
# Warning: The source is compiled without the -dbg switch. Line breakpoints and code coverage will not be available.
# Compile...
# Pass 1. Scanning modules hierarchy.
# Module \$root found in current working library.
# Pass 2. Processing instantiations.
# Pass 3. Processing behavioral statements.
# Running Optimizer.
# ELB/DAG code generating.
# Module \$root found in current working library.
# Unit top modules: Decoder4.
# $root top modules: Decoder4.
# Compile success 0 Errors 0 Warnings  Analysis time: 1[s].
# done
# ELBREAD: Elaboration process.
# ELBREAD: Elaboration time 0.0 [s].
# KERNEL: Main thread initiated.
# KERNEL: Kernel process initialization phase.
# KERNEL: Time resolution set to 1ps.
# ELAB2: Elaboration final pass...
# ELAB2: Create instances ...
# ELAB2: Create instances complete.
# SLP: Started
# SLP: Elaboration phase ...
# SLP: Elaboration phase ... done : 0.1 [s]
# SLP: Generation phase ...
# SLP: Generation phase ... done : 0.7 [s]
# SLP: Finished : 0.8 [s]
# SLP: 0 primitives and 16 (100.00%) other processes in SLP
# SLP: 0 signals in SLP and 2 (100.00%) interface signals
# ELAB2: Elaboration final pass complete - time: 0.9 [s].
# KERNEL: SLP loading done - time: 0.1 [s].
# KERNEL: SLP simulation initialization done - time: 0.0 [s].
# KERNEL: Kernel process initialization done.
# Allocation: Simulator allocated 5987 kB (elbread=1023 elab2=4618 kernel=344 sdf=0)
# KERNEL: ASDB file was created in location c:\My_Designs\Decoder4\Decoder4\src\wave.asdb
#  2:42 AM, Saturday, December 26, 2020
#  Simulation has been initialized
#  Selected Top-Level: Decoder4 (Decoder4)
# 2 signal(s) traced.
run @20ps
# KERNEL: stopped at time: 20 ps
# KERNEL: Simulation has finished. There are no more test vectors to simulate.
alog -O2 -sve  -work Decoder4 $dsn/src/Decoder4.v
# Warning: The source is compiled without the -dbg switch. Line breakpoints and code coverage will not be available.
# Compile...
# Pass 1. Scanning modules hierarchy.
# Module \$root found in current working library.
# Pass 2. Processing instantiations.
# Pass 3. Processing behavioral statements.
# Running Optimizer.
# ELB/DAG code generating.
# Module \$root found in current working library.
# Unit top modules: Decoder4.
# $root top modules: Decoder4.
# Compile success 0 Errors 0 Warnings  Analysis time: 0[s].
# done
restart
# ELBREAD: Elaboration process.
# ELBREAD: Elaboration time 0.0 [s].
# KERNEL: Main thread initiated.
# KERNEL: Kernel process initialization phase.
# KERNEL: Time resolution set to 1ps.
# ELAB2: Elaboration final pass...
# ELAB2: Create instances ...
# ELAB2: Create instances complete.
# SLP: Started
# SLP: Elaboration phase ...
# SLP: Elaboration phase ... done : 0.1 [s]
# SLP: Generation phase ...
# SLP: Generation phase ... done : 0.7 [s]
# SLP: Finished : 0.9 [s]
# SLP: 0 primitives and 16 (100.00%) other processes in SLP
# SLP: 0 signals in SLP and 2 (100.00%) interface signals
# ELAB2: Elaboration final pass complete - time: 0.9 [s].
# KERNEL: SLP loading done - time: 0.1 [s].
# KERNEL: SLP simulation initialization done - time: 0.0 [s].
# KERNEL: Kernel process initialization done.
# Allocation: Simulator allocated 5987 kB (elbread=1023 elab2=4618 kernel=344 sdf=0)
# KERNEL: ASDB file was created in location c:\My_Designs\Decoder4\Decoder4\src\wave.asdb
#  2:44 AM, Saturday, December 26, 2020
#  Simulation has been initialized
#  Selected Top-Level: Decoder4 (Decoder4)
# KERNEL: Signal 'x' has already been traced
# KERNEL: Signal 'd' has already been traced
# 0 signal(s) traced.
run @20ps
# KERNEL: stopped at time: 20 ps
# KERNEL: Simulation has finished. There are no more test vectors to simulate.
#  Simulation has been stopped
# Adding file c:\My_Designs\Decoder4\Decoder4\src\untitled.asdb ... Done
# Adding file c:\My_Designs\Decoder4\Decoder4\src\untitled.awc ... Done
